This file contains any messages produced by compilers while
running configure, to aid debugging if configure makes a mistake.

It was created by btr-mgr configure 1.0, which was
generated by GNU Autoconf 2.71.  Invocation command line was

  $ ./configure --prefix=/usr

## --------- ##
## Platform. ##
## --------- ##

hostname = runnervmjduv7
uname -m = x86_64
uname -r = 6.14.0-1017-azure
uname -s = Linux
uname -v = #17~24.04.1-Ubuntu SMP Mon Dec  1 20:10:50 UTC 2025

/usr/bin/uname -p = x86_64
/bin/uname -X     = unknown

/bin/arch              = x86_64
/usr/bin/arch -k       = unknown
/usr/convex/getsysinfo = unknown
/usr/bin/hostinfo      = unknown
/bin/machine           = unknown
/usr/bin/oslevel       = unknown
/bin/universe          = unknown

PATH: /home/runner/work/bluetooth_mgr/.codeql-scratch/dbs/cpp/working/autobuild/bin/
PATH: /home/runner/work/_temp/ghcca-node/node/bin/
PATH: /snap/bin/
PATH: /home/runner/.local/bin/
PATH: /opt/pipx_bin/
PATH: /home/runner/.cargo/bin/
PATH: /home/runner/.config/composer/vendor/bin/
PATH: /usr/local/.ghcup/bin/
PATH: /home/runner/.dotnet/tools/
PATH: /usr/local/sbin/
PATH: /usr/local/bin/
PATH: /usr/sbin/
PATH: /usr/bin/
PATH: /sbin/
PATH: /bin/
PATH: /usr/games/
PATH: /usr/local/games/
PATH: /snap/bin/


## ----------- ##
## Core tests. ##
## ----------- ##

configure:2925: looking for aux files: config.guess config.sub ltmain.sh compile ar-lib missing install-sh
configure:2938:  trying ./cfg/
configure:2967:   ./cfg/config.guess found
configure:2967:   ./cfg/config.sub found
configure:2967:   ./cfg/ltmain.sh found
configure:2967:   ./cfg/compile found
configure:2967:   ./cfg/ar-lib found
configure:2967:   ./cfg/missing found
configure:2949:   ./cfg/install-sh found
configure:3098: checking for a BSD-compatible install
configure:3171: result: /usr/bin/install -c
configure:3182: checking whether build environment is sane
configure:3237: result: yes
configure:3396: checking for a race-free mkdir -p
configure:3440: result: /usr/bin/mkdir -p
configure:3447: checking for gawk
configure:3468: found /usr/bin/gawk
configure:3479: result: gawk
configure:3490: checking whether make sets $(MAKE)
configure:3513: result: yes
configure:3543: checking whether make supports nested variables
configure:3561: result: yes
configure:3711: checking whether make supports the include directive
configure:3726: make -f confmf.GNU && cat confinc.out
this is the am__doit target
configure:3729: $? = 0
configure:3748: result: yes (GNU style)
configure:3824: checking for gcc
configure:3845: found /home/runner/work/bluetooth_mgr/.codeql-scratch/dbs/cpp/working/autobuild/bin/gcc
configure:3856: result: gcc
configure:4209: checking for C compiler version
configure:4218: gcc --version >&5
gcc (Ubuntu 13.3.0-6ubuntu2~24.04) 13.3.0
Copyright (C) 2023 Free Software Foundation, Inc.
This is free software; see the source for copying conditions.  There is NO
warranty; not even for MERCHANTABILITY or FITNESS FOR A PARTICULAR PURPOSE.

configure:4229: $? = 0
configure:4218: gcc -v >&5
Using built-in specs.
COLLECT_GCC=/usr/bin/gcc
COLLECT_LTO_WRAPPER=/usr/libexec/gcc/x86_64-linux-gnu/13/lto-wrapper
OFFLOAD_TARGET_NAMES=nvptx-none:amdgcn-amdhsa
OFFLOAD_TARGET_DEFAULT=1
Target: x86_64-linux-gnu
Configured with: ../src/configure -v --with-pkgversion='Ubuntu 13.3.0-6ubuntu2~24.04' --with-bugurl=file:///usr/share/doc/gcc-13/README.Bugs --enable-languages=c,ada,c++,go,d,fortran,objc,obj-c++,m2 --prefix=/usr --with-gcc-major-version-only --program-suffix=-13 --program-prefix=x86_64-linux-gnu- --enable-shared --enable-linker-build-id --libexecdir=/usr/libexec --without-included-gettext --enable-threads=posix --libdir=/usr/lib --enable-nls --enable-bootstrap --enable-clocale=gnu --enable-libstdcxx-debug --enable-libstdcxx-time=yes --with-default-libstdcxx-abi=new --enable-libstdcxx-backtrace --enable-gnu-unique-object --disable-vtable-verify --enable-plugin --enable-default-pie --with-system-zlib --enable-libphobos-checking=release --with-target-system-zlib=auto --enable-objc-gc=auto --enable-multiarch --disable-werror --enable-cet --with-arch-32=i686 --with-abi=m64 --with-multilib-list=m32,m64,mx32 --enable-multilib --with-tune=generic --enable-offload-targets=nvptx-none=/build/gcc-13-fG75Ri/gcc-13-13.3.0/debian/tmp-nvptx/usr,amdgcn-amdhsa=/build/gcc-13-fG75Ri/gcc-13-13.3.0/debian/tmp-gcn/usr --enable-offload-defaulted --without-cuda-driver --enable-checking=release --build=x86_64-linux-gnu --host=x86_64-linux-gnu --target=x86_64-linux-gnu --with-build-config=bootstrap-lto-lean --enable-link-serialization=2
Thread model: posix
Supported LTO compression algorithms: zlib zstd
gcc version 13.3.0 (Ubuntu 13.3.0-6ubuntu2~24.04) 
... rest of stderr output deleted ...
configure:4229: $? = 0
configure:4218: gcc -V >&5
gcc: error: unrecognized command-line option '-V'
gcc: fatal error: no input files
compilation terminated.
configure:4229: $? = 1
configure:4218: gcc -qversion >&5
gcc: error: unrecognized command-line option '-qversion'; did you mean '--version'?
gcc: fatal error: no input files
compilation terminated.
configure:4229: $? = 1
configure:4218: gcc -version >&5
gcc: error: unrecognized command-line option '-version'
gcc: fatal error: no input files
compilation terminated.
configure:4229: $? = 1
configure:4249: checking whether the C compiler works
configure:4271: gcc    conftest.c  >&5
configure:4275: $? = 0
configure:4325: result: yes
configure:4328: checking for C compiler default output file name
configure:4330: result: a.out
configure:4336: checking for suffix of executables
configure:4343: gcc -o conftest    conftest.c  >&5
configure:4347: $? = 0
configure:4370: result: 
configure:4392: checking whether we are cross compiling
configure:4400: gcc -o conftest    conftest.c  >&5
configure:4404: $? = 0
configure:4411: ./conftest
configure:4415: $? = 0
configure:4430: result: no
configure:4435: checking for suffix of object files
configure:4458: gcc -c   conftest.c >&5
configure:4462: $? = 0
configure:4484: result: o
configure:4488: checking whether the compiler supports GNU C
configure:4508: gcc -c   conftest.c >&5
configure:4508: $? = 0
configure:4518: result: yes
configure:4529: checking whether gcc accepts -g
configure:4550: gcc -c -g  conftest.c >&5
configure:4550: $? = 0
configure:4594: result: yes
configure:4614: checking for gcc option to enable C11 features
configure:4629: gcc  -c -g -O2  conftest.c >&5
configure:4629: $? = 0
configure:4647: result: none needed
configure:4763: checking whether gcc understands -c and -o together
configure:4786: gcc -c conftest.c -o conftest2.o
configure:4789: $? = 0
configure:4786: gcc -c conftest.c -o conftest2.o
configure:4789: $? = 0
configure:4801: result: yes
configure:4820: checking dependency style of gcc
configure:4932: result: gcc3
configure:5003: checking for ar
configure:5024: found /usr/bin/ar
configure:5035: result: ar
configure:5061: checking the archiver (ar) interface
configure:5078: gcc -c -g -O2  conftest.c >&5
configure:5078: $? = 0
configure:5081: ar cru libconftest.a conftest.o >&5
ar: `u' modifier ignored since `D' is the default (see `U')
configure:5084: $? = 0
configure:5112: result: ar
configure:5165: checking build system type
configure:5180: result: x86_64-pc-linux-gnu
configure:5200: checking host system type
configure:5214: result: x86_64-pc-linux-gnu
configure:5255: checking how to print strings
configure:5282: result: printf
configure:5303: checking for a sed that does not truncate output
configure:5373: result: /usr/bin/sed
configure:5391: checking for grep that handles long lines and -e
configure:5455: result: /usr/bin/grep
configure:5460: checking for egrep
configure:5528: result: /usr/bin/grep -E
configure:5533: checking for fgrep
configure:5601: result: /usr/bin/grep -F
configure:5637: checking for ld used by gcc
configure:5705: result: /usr/bin/ld
configure:5712: checking if the linker (/usr/bin/ld) is GNU ld
configure:5728: result: yes
configure:5740: checking for BSD- or MS-compatible name lister (nm)
configure:5795: result: /usr/bin/nm -B
configure:5935: checking the name lister (/usr/bin/nm -B) interface
configure:5943: gcc -c -g -O2  conftest.c >&5
configure:5946: /usr/bin/nm -B "conftest.o"
configure:5949: output
0000000000000000 B some_variable
configure:5956: result: BSD nm
configure:5959: checking whether ln -s works
configure:5963: result: yes
configure:5971: checking the maximum length of command line arguments
configure:6103: result: 3145728
configure:6151: checking how to convert x86_64-pc-linux-gnu file names to x86_64-pc-linux-gnu format
configure:6192: result: func_convert_file_noop
configure:6199: checking how to convert x86_64-pc-linux-gnu file names to toolchain format
configure:6220: result: func_convert_file_noop
configure:6227: checking for /usr/bin/ld option to reload object files
configure:6235: result: -r
configure:6314: checking for file
configure:6335: found /usr/bin/file
configure:6346: result: file
configure:6422: checking for objdump
configure:6443: found /usr/bin/objdump
configure:6454: result: objdump
configure:6486: checking how to recognize dependent libraries
configure:6687: result: pass_all
configure:6777: checking for dlltool
configure:6812: result: no
configure:6842: checking how to associate runtime and link libraries
configure:6870: result: printf %s\n
configure:7020: checking for archiver @FILE support
configure:7038: gcc -c -g -O2  conftest.c >&5
configure:7038: $? = 0
configure:7042: ar cr libconftest.a @conftest.lst >&5
configure:7045: $? = 0
configure:7050: ar cr libconftest.a @conftest.lst >&5
ar: conftest.o: No such file or directory
configure:7053: $? = 1
configure:7065: result: @
configure:7128: checking for strip
configure:7149: found /usr/bin/strip
configure:7160: result: strip
configure:7237: checking for ranlib
configure:7258: found /usr/bin/ranlib
configure:7269: result: ranlib
configure:7371: checking command to parse /usr/bin/nm -B output from gcc object
configure:7525: gcc -c -g -O2  conftest.c >&5
configure:7528: $? = 0
configure:7532: /usr/bin/nm -B conftest.o | /usr/bin/sed -n -e 's/^.*[	 ]\([ABCDGIRSTW][ABCDGIRSTW]*\)[	 ][	 ]*\([_A-Za-z][_A-Za-z0-9]*\)$/\1 \2 \2/p' | /usr/bin/sed '/ __gnu_lto/d' > conftest.nm
configure:7598: gcc -o conftest -g -O2   conftest.c conftstm.o >&5
configure:7601: $? = 0
configure:7639: result: ok
configure:7686: checking for sysroot
configure:7717: result: no
configure:7724: checking for a working dd
configure:7768: result: /usr/bin/dd
configure:7772: checking how to truncate binary pipes
configure:7788: result: /usr/bin/dd bs=4096 count=1
configure:7925: gcc -c -g -O2  conftest.c >&5
configure:7928: $? = 0
configure:8125: checking for mt
configure:8146: found /usr/bin/mt
configure:8157: result: mt
configure:8180: checking if mt is a manifest tool
configure:8187: mt '-?'
configure:8195: result: no
configure:8920: checking for stdio.h
configure:8920: gcc -c -g -O2  conftest.c >&5
configure:8920: $? = 0
configure:8920: result: yes
configure:8920: checking for stdlib.h
configure:8920: gcc -c -g -O2  conftest.c >&5
configure:8920: $? = 0
configure:8920: result: yes
configure:8920: checking for string.h
configure:8920: gcc -c -g -O2  conftest.c >&5
configure:8920: $? = 0
configure:8920: result: yes
configure:8920: checking for inttypes.h
configure:8920: gcc -c -g -O2  conftest.c >&5
configure:8920: $? = 0
configure:8920: result: yes
configure:8920: checking for stdint.h
configure:8920: gcc -c -g -O2  conftest.c >&5
configure:8920: $? = 0
configure:8920: result: yes
configure:8920: checking for strings.h
configure:8920: gcc -c -g -O2  conftest.c >&5
configure:8920: $? = 0
configure:8920: result: yes
configure:8920: checking for sys/stat.h
configure:8920: gcc -c -g -O2  conftest.c >&5
configure:8920: $? = 0
configure:8920: result: yes
configure:8920: checking for sys/types.h
configure:8920: gcc -c -g -O2  conftest.c >&5
configure:8920: $? = 0
configure:8920: result: yes
configure:8920: checking for unistd.h
configure:8920: gcc -c -g -O2  conftest.c >&5
configure:8920: $? = 0
configure:8920: result: yes
configure:8945: checking for dlfcn.h
configure:8945: gcc -c -g -O2  conftest.c >&5
configure:8945: $? = 0
configure:8945: result: yes
configure:9204: checking for objdir
configure:9220: result: .libs
configure:9484: checking if gcc supports -fno-rtti -fno-exceptions
configure:9503: gcc -c -g -O2  -fno-rtti -fno-exceptions conftest.c >&5
cc1: warning: command-line option '-fno-rtti' is valid for C++/D/ObjC++ but not for C
configure:9507: $? = 0
configure:9520: result: no
configure:9884: checking for gcc option to produce PIC
configure:9892: result: -fPIC -DPIC
configure:9900: checking if gcc PIC flag -fPIC -DPIC works
configure:9919: gcc -c -g -O2  -fPIC -DPIC -DPIC conftest.c >&5
configure:9923: $? = 0
configure:9936: result: yes
configure:9965: checking if gcc static flag -static works
configure:9994: result: yes
configure:10009: checking if gcc supports -c -o file.o
configure:10031: gcc -c -g -O2  -o out/conftest2.o conftest.c >&5
configure:10035: $? = 0
configure:10057: result: yes
configure:10065: checking if gcc supports -c -o file.o
configure:10113: result: yes
configure:10146: checking whether the gcc linker (/usr/bin/ld -m elf_x86_64) supports shared libraries
configure:11420: result: yes
configure:11457: checking whether -lc should be explicitly linked in
configure:11466: gcc -c -g -O2  conftest.c >&5
configure:11469: $? = 0
configure:11484: gcc -shared  -fPIC -DPIC conftest.o  -v -Wl,-soname -Wl,conftest -o conftest 2\>\&1 \| /usr/bin/grep  -lc  \>/dev/null 2\>\&1
configure:11487: $? = 0
configure:11501: result: no
configure:11661: checking dynamic linker characteristics
configure:12243: gcc -o conftest -g -O2   -Wl,-rpath -Wl,/foo conftest.c  >&5
configure:12243: $? = 0
configure:12494: result: GNU/Linux ld.so
configure:12616: checking how to hardcode library paths into programs
configure:12641: result: immediate
configure:13193: checking whether stripping libraries is possible
configure:13202: result: yes
configure:13244: checking if libtool supports shared libraries
configure:13246: result: yes
configure:13249: checking whether to build shared libraries
configure:13274: result: yes
configure:13277: checking whether to build static libraries
configure:13281: result: yes
configure:13337: checking whether make supports nested variables
configure:13355: result: yes
configure:13438: checking for g++
configure:13459: found /home/runner/work/bluetooth_mgr/.codeql-scratch/dbs/cpp/working/autobuild/bin/g++
configure:13470: result: g++
configure:13497: checking for C++ compiler version
configure:13506: g++ --version >&5
g++ (Ubuntu 13.3.0-6ubuntu2~24.04) 13.3.0
Copyright (C) 2023 Free Software Foundation, Inc.
This is free software; see the source for copying conditions.  There is NO
warranty; not even for MERCHANTABILITY or FITNESS FOR A PARTICULAR PURPOSE.

configure:13517: $? = 0
configure:13506: g++ -v >&5
Using built-in specs.
COLLECT_GCC=/usr/bin/g++
COLLECT_LTO_WRAPPER=/usr/libexec/gcc/x86_64-linux-gnu/13/lto-wrapper
OFFLOAD_TARGET_NAMES=nvptx-none:amdgcn-amdhsa
OFFLOAD_TARGET_DEFAULT=1
Target: x86_64-linux-gnu
Configured with: ../src/configure -v --with-pkgversion='Ubuntu 13.3.0-6ubuntu2~24.04' --with-bugurl=file:///usr/share/doc/gcc-13/README.Bugs --enable-languages=c,ada,c++,go,d,fortran,objc,obj-c++,m2 --prefix=/usr --with-gcc-major-version-only --program-suffix=-13 --program-prefix=x86_64-linux-gnu- --enable-shared --enable-linker-build-id --libexecdir=/usr/libexec --without-included-gettext --enable-threads=posix --libdir=/usr/lib --enable-nls --enable-bootstrap --enable-clocale=gnu --enable-libstdcxx-debug --enable-libstdcxx-time=yes --with-default-libstdcxx-abi=new --enable-libstdcxx-backtrace --enable-gnu-unique-object --disable-vtable-verify --enable-plugin --enable-default-pie --with-system-zlib --enable-libphobos-checking=release --with-target-system-zlib=auto --enable-objc-gc=auto --enable-multiarch --disable-werror --enable-cet --with-arch-32=i686 --with-abi=m64 --with-multilib-list=m32,m64,mx32 --enable-multilib --with-tune=generic --enable-offload-targets=nvptx-none=/build/gcc-13-fG75Ri/gcc-13-13.3.0/debian/tmp-nvptx/usr,amdgcn-amdhsa=/build/gcc-13-fG75Ri/gcc-13-13.3.0/debian/tmp-gcn/usr --enable-offload-defaulted --without-cuda-driver --enable-checking=release --build=x86_64-linux-gnu --host=x86_64-linux-gnu --target=x86_64-linux-gnu --with-build-config=bootstrap-lto-lean --enable-link-serialization=2
Thread model: posix
Supported LTO compression algorithms: zlib zstd
gcc version 13.3.0 (Ubuntu 13.3.0-6ubuntu2~24.04) 
... rest of stderr output deleted ...
configure:13517: $? = 0
configure:13506: g++ -V >&5
g++: error: unrecognized command-line option '-V'
g++: fatal error: no input files
compilation terminated.
configure:13517: $? = 1
configure:13506: g++ -qversion >&5
g++: error: unrecognized command-line option '-qversion'; did you mean '--version'?
g++: fatal error: no input files
compilation terminated.
configure:13517: $? = 1
configure:13521: checking whether the compiler supports GNU C++
configure:13541: g++ -c   conftest.cpp >&5
configure:13541: $? = 0
configure:13551: result: yes
configure:13562: checking whether g++ accepts -g
configure:13583: g++ -c -g  conftest.cpp >&5
configure:13583: $? = 0
configure:13627: result: yes
configure:13647: checking for g++ option to enable C++11 features
configure:13662: g++  -c -g -O2  conftest.cpp >&5
conftest.cpp: In function 'int main(int, char**)':
conftest.cpp:189:25: warning: empty parentheses were disambiguated as a function declaration [-Wvexing-parse]
  189 |   cxx11test::delegate d2();
      |                         ^~
conftest.cpp:189:25: note: remove parentheses to default-initialize a variable
  189 |   cxx11test::delegate d2();
      |                         ^~
      |                         --
conftest.cpp:189:25: note: or replace parentheses with braces to value-initialize a variable
configure:13662: $? = 0
configure:13680: result: none needed
configure:13746: checking dependency style of g++
configure:13858: result: gcc3
configure:13891: checking how to run the C++ preprocessor
configure:13913: g++ -E  conftest.cpp
configure:13913: $? = 0
configure:13928: g++ -E  conftest.cpp
conftest.cpp:23:10: fatal error: ac_nonexistent.h: No such file or directory
   23 | #include <ac_nonexistent.h>
      |          ^~~~~~~~~~~~~~~~~~
compilation terminated.
configure:13928: $? = 1
configure: failed program was:
| /* confdefs.h */
| #define PACKAGE_NAME "btr-mgr"
| #define PACKAGE_TARNAME "btr-mgr"
| #define PACKAGE_VERSION "1.0"
| #define PACKAGE_STRING "btr-mgr 1.0"
| #define PACKAGE_BUGREPORT "damiano.barone@sky.uk"
| #define PACKAGE_URL ""
| #define PACKAGE "btr-mgr"
| #define VERSION "1.0"
| #define HAVE_STDIO_H 1
| #define HAVE_STDLIB_H 1
| #define HAVE_STRING_H 1
| #define HAVE_INTTYPES_H 1
| #define HAVE_STDINT_H 1
| #define HAVE_STRINGS_H 1
| #define HAVE_SYS_STAT_H 1
| #define HAVE_SYS_TYPES_H 1
| #define HAVE_UNISTD_H 1
| #define STDC_HEADERS 1
| #define HAVE_DLFCN_H 1
| #define LT_OBJDIR ".libs/"
| /* end confdefs.h.  */
| #include <ac_nonexistent.h>
configure:13955: result: g++ -E
configure:13969: g++ -E  conftest.cpp
configure:13969: $? = 0
configure:13984: g++ -E  conftest.cpp
conftest.cpp:23:10: fatal error: ac_nonexistent.h: No such file or directory
   23 | #include <ac_nonexistent.h>
      |          ^~~~~~~~~~~~~~~~~~
compilation terminated.
configure:13984: $? = 1
configure: failed program was:
| /* confdefs.h */
| #define PACKAGE_NAME "btr-mgr"
| #define PACKAGE_TARNAME "btr-mgr"
| #define PACKAGE_VERSION "1.0"
| #define PACKAGE_STRING "btr-mgr 1.0"
| #define PACKAGE_BUGREPORT "damiano.barone@sky.uk"
| #define PACKAGE_URL ""
| #define PACKAGE "btr-mgr"
| #define VERSION "1.0"
| #define HAVE_STDIO_H 1
| #define HAVE_STDLIB_H 1
| #define HAVE_STRING_H 1
| #define HAVE_INTTYPES_H 1
| #define HAVE_STDINT_H 1
| #define HAVE_STRINGS_H 1
| #define HAVE_SYS_STAT_H 1
| #define HAVE_SYS_TYPES_H 1
| #define HAVE_UNISTD_H 1
| #define STDC_HEADERS 1
| #define HAVE_DLFCN_H 1
| #define LT_OBJDIR ".libs/"
| /* end confdefs.h.  */
| #include <ac_nonexistent.h>
configure:14149: checking for ld used by g++
configure:14217: result: /usr/bin/ld -m elf_x86_64
configure:14224: checking if the linker (/usr/bin/ld -m elf_x86_64) is GNU ld
configure:14240: result: yes
configure:14295: checking whether the g++ linker (/usr/bin/ld -m elf_x86_64) supports shared libraries
configure:15373: result: yes
configure:15409: g++ -c -g -O2  conftest.cpp >&5
configure:15412: $? = 0
configure:15893: checking for g++ option to produce PIC
configure:15901: result: -fPIC -DPIC
configure:15909: checking if g++ PIC flag -fPIC -DPIC works
configure:15928: g++ -c -g -O2  -fPIC -DPIC -DPIC conftest.cpp >&5
configure:15932: $? = 0
configure:15945: result: yes
configure:15968: checking if g++ static flag -static works
configure:15997: result: yes
configure:16009: checking if g++ supports -c -o file.o
configure:16031: g++ -c -g -O2  -o out/conftest2.o conftest.cpp >&5
configure:16035: $? = 0
configure:16057: result: yes
configure:16062: checking if g++ supports -c -o file.o
configure:16110: result: yes
configure:16140: checking whether the g++ linker (/usr/bin/ld -m elf_x86_64) supports shared libraries
configure:16183: result: yes
configure:16325: checking dynamic linker characteristics
configure:17085: result: GNU/Linux ld.so
configure:17150: checking how to hardcode library paths into programs
configure:17175: result: immediate
configure:17216: checking whether make sets $(MAKE)
configure:17239: result: yes
configure:17301: checking for gcc
configure:17333: result: gcc
configure:17686: checking for C compiler version
configure:17695: gcc --version >&5
gcc (Ubuntu 13.3.0-6ubuntu2~24.04) 13.3.0
Copyright (C) 2023 Free Software Foundation, Inc.
This is free software; see the source for copying conditions.  There is NO
warranty; not even for MERCHANTABILITY or FITNESS FOR A PARTICULAR PURPOSE.

configure:17706: $? = 0
configure:17695: gcc -v >&5
Using built-in specs.
COLLECT_GCC=/usr/bin/gcc
COLLECT_LTO_WRAPPER=/usr/libexec/gcc/x86_64-linux-gnu/13/lto-wrapper
OFFLOAD_TARGET_NAMES=nvptx-none:amdgcn-amdhsa
OFFLOAD_TARGET_DEFAULT=1
Target: x86_64-linux-gnu
Configured with: ../src/configure -v --with-pkgversion='Ubuntu 13.3.0-6ubuntu2~24.04' --with-bugurl=file:///usr/share/doc/gcc-13/README.Bugs --enable-languages=c,ada,c++,go,d,fortran,objc,obj-c++,m2 --prefix=/usr --with-gcc-major-version-only --program-suffix=-13 --program-prefix=x86_64-linux-gnu- --enable-shared --enable-linker-build-id --libexecdir=/usr/libexec --without-included-gettext --enable-threads=posix --libdir=/usr/lib --enable-nls --enable-bootstrap --enable-clocale=gnu --enable-libstdcxx-debug --enable-libstdcxx-time=yes --with-default-libstdcxx-abi=new --enable-libstdcxx-backtrace --enable-gnu-unique-object --disable-vtable-verify --enable-plugin --enable-default-pie --with-system-zlib --enable-libphobos-checking=release --with-target-system-zlib=auto --enable-objc-gc=auto --enable-multiarch --disable-werror --enable-cet --with-arch-32=i686 --with-abi=m64 --with-multilib-list=m32,m64,mx32 --enable-multilib --with-tune=generic --enable-offload-targets=nvptx-none=/build/gcc-13-fG75Ri/gcc-13-13.3.0/debian/tmp-nvptx/usr,amdgcn-amdhsa=/build/gcc-13-fG75Ri/gcc-13-13.3.0/debian/tmp-gcn/usr --enable-offload-defaulted --without-cuda-driver --enable-checking=release --build=x86_64-linux-gnu --host=x86_64-linux-gnu --target=x86_64-linux-gnu --with-build-config=bootstrap-lto-lean --enable-link-serialization=2
Thread model: posix
Supported LTO compression algorithms: zlib zstd
gcc version 13.3.0 (Ubuntu 13.3.0-6ubuntu2~24.04) 
... rest of stderr output deleted ...
configure:17706: $? = 0
configure:17695: gcc -V >&5
gcc: error: unrecognized command-line option '-V'
gcc: fatal error: no input files
compilation terminated.
configure:17706: $? = 1
configure:17695: gcc -qversion >&5
gcc: error: unrecognized command-line option '-qversion'; did you mean '--version'?
gcc: fatal error: no input files
compilation terminated.
configure:17706: $? = 1
configure:17695: gcc -version >&5
gcc: error: unrecognized command-line option '-version'
gcc: fatal error: no input files
compilation terminated.
configure:17706: $? = 1
configure:17710: checking whether the compiler supports GNU C
configure:17740: result: yes
configure:17751: checking whether gcc accepts -g
configure:17816: result: yes
configure:17836: checking for gcc option to enable C11 features
configure:17869: result: none needed
configure:17985: checking whether gcc understands -c and -o together
configure:18023: result: yes
configure:18042: checking dependency style of gcc
configure:18154: result: gcc3
configure:18171: checking for BTRCore_Init in -lbtrCore
configure:18194: gcc -o conftest -g -O2   conftest.c -lbtrCore   >&5
/usr/bin/ld: cannot find -lbtrCore: No such file or directory
collect2: error: ld returned 1 exit status
configure:18194: $? = 1
configure: failed program was:
| /* confdefs.h */
| #define PACKAGE_NAME "btr-mgr"
| #define PACKAGE_TARNAME "btr-mgr"
| #define PACKAGE_VERSION "1.0"
| #define PACKAGE_STRING "btr-mgr 1.0"
| #define PACKAGE_BUGREPORT "damiano.barone@sky.uk"
| #define PACKAGE_URL ""
| #define PACKAGE "btr-mgr"
| #define VERSION "1.0"
| #define HAVE_STDIO_H 1
| #define HAVE_STDLIB_H 1
| #define HAVE_STRING_H 1
| #define HAVE_INTTYPES_H 1
| #define HAVE_STDINT_H 1
| #define HAVE_STRINGS_H 1
| #define HAVE_SYS_STAT_H 1
| #define HAVE_SYS_TYPES_H 1
| #define HAVE_UNISTD_H 1
| #define STDC_HEADERS 1
| #define HAVE_DLFCN_H 1
| #define LT_OBJDIR ".libs/"
| /* end confdefs.h.  */
| 
| /* Override any GCC internal prototype to avoid an error.
|    Use char because int might match the return type of a GCC
|    builtin and then its argument prototype would still apply.  */
| char BTRCore_Init ();
| int
| main (void)
| {
| return BTRCore_Init ();
|   ;
|   return 0;
| }
configure:18204: result: no
configure:18211: error: BTRCORE library (libbtrCore) not found

## ---------------- ##
## Cache variables. ##
## ---------------- ##

ac_cv_build=x86_64-pc-linux-gnu
ac_cv_c_compiler_gnu=yes
ac_cv_cxx_compiler_gnu=yes
ac_cv_env_CCC_set=
ac_cv_env_CCC_value=
ac_cv_env_CC_set=
ac_cv_env_CC_value=
ac_cv_env_CFLAGS_set=
ac_cv_env_CFLAGS_value=
ac_cv_env_CPPFLAGS_set=
ac_cv_env_CPPFLAGS_value=
ac_cv_env_CPP_set=
ac_cv_env_CPP_value=
ac_cv_env_CXXCPP_set=
ac_cv_env_CXXCPP_value=
ac_cv_env_CXXFLAGS_set=
ac_cv_env_CXXFLAGS_value=
ac_cv_env_CXX_set=
ac_cv_env_CXX_value=
ac_cv_env_GLIB_CFLAGS_set=
ac_cv_env_GLIB_CFLAGS_value=
ac_cv_env_GLIB_LIBS_set=
ac_cv_env_GLIB_LIBS_value=
ac_cv_env_GSTBASE_CFLAGS_set=
ac_cv_env_GSTBASE_CFLAGS_value=
ac_cv_env_GSTBASE_LIBS_set=
ac_cv_env_GSTBASE_LIBS_value=
ac_cv_env_GST_CFLAGS_set=
ac_cv_env_GST_CFLAGS_value=
ac_cv_env_GST_LIBS_set=
ac_cv_env_GST_LIBS_value=
ac_cv_env_GTHREAD_CFLAGS_set=
ac_cv_env_GTHREAD_CFLAGS_value=
ac_cv_env_GTHREAD_LIBS_set=
ac_cv_env_GTHREAD_LIBS_value=
ac_cv_env_LDFLAGS_set=
ac_cv_env_LDFLAGS_value=
ac_cv_env_LIBCJSON_CFLAGS_set=
ac_cv_env_LIBCJSON_CFLAGS_value=
ac_cv_env_LIBCJSON_LIBS_set=
ac_cv_env_LIBCJSON_LIBS_value=
ac_cv_env_LIBS_set=
ac_cv_env_LIBS_value=
ac_cv_env_LT_SYS_LIBRARY_PATH_set=
ac_cv_env_LT_SYS_LIBRARY_PATH_value=
ac_cv_env_PKG_CONFIG_LIBDIR_set=
ac_cv_env_PKG_CONFIG_LIBDIR_value=
ac_cv_env_PKG_CONFIG_PATH_set=
ac_cv_env_PKG_CONFIG_PATH_value=
ac_cv_env_PKG_CONFIG_set=
ac_cv_env_PKG_CONFIG_value=
ac_cv_env_build_alias_set=
ac_cv_env_build_alias_value=
ac_cv_env_host_alias_set=
ac_cv_env_host_alias_value=
ac_cv_env_target_alias_set=
ac_cv_env_target_alias_value=
ac_cv_header_dlfcn_h=yes
ac_cv_header_inttypes_h=yes
ac_cv_header_stdint_h=yes
ac_cv_header_stdio_h=yes
ac_cv_header_stdlib_h=yes
ac_cv_header_string_h=yes
ac_cv_header_strings_h=yes
ac_cv_header_sys_stat_h=yes
ac_cv_header_sys_types_h=yes
ac_cv_header_unistd_h=yes
ac_cv_host=x86_64-pc-linux-gnu
ac_cv_lib_btrCore_BTRCore_Init=no
ac_cv_objext=o
ac_cv_path_EGREP='/usr/bin/grep -E'
ac_cv_path_FGREP='/usr/bin/grep -F'
ac_cv_path_GREP=/usr/bin/grep
ac_cv_path_SED=/usr/bin/sed
ac_cv_path_install='/usr/bin/install -c'
ac_cv_path_lt_DD=/usr/bin/dd
ac_cv_path_mkdir=/usr/bin/mkdir
ac_cv_prog_AWK=gawk
ac_cv_prog_CXXCPP='g++ -E'
ac_cv_prog_ac_ct_AR=ar
ac_cv_prog_ac_ct_CC=gcc
ac_cv_prog_ac_ct_CXX=g++
ac_cv_prog_ac_ct_FILECMD=file
ac_cv_prog_ac_ct_MANIFEST_TOOL=mt
ac_cv_prog_ac_ct_OBJDUMP=objdump
ac_cv_prog_ac_ct_RANLIB=ranlib
ac_cv_prog_ac_ct_STRIP=strip
ac_cv_prog_cc_c11=
ac_cv_prog_cc_g=yes
ac_cv_prog_cc_stdc=
ac_cv_prog_cxx_cxx11=
ac_cv_prog_cxx_g=yes
ac_cv_prog_cxx_stdcxx=
ac_cv_prog_make_make_set=yes
am_cv_CC_dependencies_compiler_type=gcc3
am_cv_CXX_dependencies_compiler_type=gcc3
am_cv_ar_interface=ar
am_cv_make_support_nested_variables=yes
am_cv_prog_cc_c_o=yes
lt_cv_ar_at_file=@
lt_cv_archive_cmds_need_lc=no
lt_cv_deplibs_check_method=pass_all
lt_cv_file_magic_cmd='$MAGIC_CMD'
lt_cv_file_magic_test_file=
lt_cv_ld_reload_flag=-r
lt_cv_nm_interface='BSD nm'
lt_cv_objdir=.libs
lt_cv_path_LD=/usr/bin/ld
lt_cv_path_LDCXX='/usr/bin/ld -m elf_x86_64'
lt_cv_path_NM='/usr/bin/nm -B'
lt_cv_path_mainfest_tool=no
lt_cv_prog_compiler_c_o=yes
lt_cv_prog_compiler_c_o_CXX=yes
lt_cv_prog_compiler_pic='-fPIC -DPIC'
lt_cv_prog_compiler_pic_CXX='-fPIC -DPIC'
lt_cv_prog_compiler_pic_works=yes
lt_cv_prog_compiler_pic_works_CXX=yes
lt_cv_prog_compiler_rtti_exceptions=no
lt_cv_prog_compiler_static_works=yes
lt_cv_prog_compiler_static_works_CXX=yes
lt_cv_prog_gnu_ld=yes
lt_cv_prog_gnu_ldcxx=yes
lt_cv_sharedlib_from_linklib_cmd='printf %s\n'
lt_cv_shlibpath_overrides_runpath=yes
lt_cv_sys_global_symbol_pipe='/usr/bin/sed -n -e '\''s/^.*[	 ]\([ABCDGIRSTW][ABCDGIRSTW]*\)[	 ][	 ]*\([_A-Za-z][_A-Za-z0-9]*\)$/\1 \2 \2/p'\'' | /usr/bin/sed '\''/ __gnu_lto/d'\'''
lt_cv_sys_global_symbol_to_c_name_address='/usr/bin/sed -n -e '\''s/^: \(.*\) .*$/  {"\1", (void *) 0},/p'\'' -e '\''s/^[ABCDGIRSTW][ABCDGIRSTW]* .* \(.*\)$/  {"\1", (void *) \&\1},/p'\'''
lt_cv_sys_global_symbol_to_c_name_address_lib_prefix='/usr/bin/sed -n -e '\''s/^: \(.*\) .*$/  {"\1", (void *) 0},/p'\'' -e '\''s/^[ABCDGIRSTW][ABCDGIRSTW]* .* \(lib.*\)$/  {"\1", (void *) \&\1},/p'\'' -e '\''s/^[ABCDGIRSTW][ABCDGIRSTW]* .* \(.*\)$/  {"lib\1", (void *) \&\1},/p'\'''
lt_cv_sys_global_symbol_to_cdecl='/usr/bin/sed -n -e '\''s/^T .* \(.*\)$/extern int \1();/p'\'' -e '\''s/^[ABCDGIRSTW][ABCDGIRSTW]* .* \(.*\)$/extern char \1;/p'\'''
lt_cv_sys_global_symbol_to_import=
lt_cv_sys_max_cmd_len=3145728
lt_cv_to_host_file_cmd=func_convert_file_noop
lt_cv_to_tool_file_cmd=func_convert_file_noop
lt_cv_truncate_bin='/usr/bin/dd bs=4096 count=1'

## ----------------- ##
## Output variables. ##
## ----------------- ##

ACLOCAL='${SHELL} '\''/home/runner/work/bluetooth_mgr/bluetooth_mgr/cfg/missing'\'' aclocal-1.16'
AMDEPBACKSLASH='\'
AMDEP_FALSE='#'
AMDEP_TRUE=''
AMTAR='$${TAR-tar}'
AM_BACKSLASH='\'
AM_DEFAULT_V='$(AM_DEFAULT_VERBOSITY)'
AM_DEFAULT_VERBOSITY='0'
AM_V='$(V)'
AR='ar'
AUDIOCAPTURE_LIBS=''
AUTOCONF='${SHELL} '\''/home/runner/work/bluetooth_mgr/bluetooth_mgr/cfg/missing'\'' autoconf'
AUTOHEADER='${SHELL} '\''/home/runner/work/bluetooth_mgr/bluetooth_mgr/cfg/missing'\'' autoheader'
AUTOMAKE='${SHELL} '\''/home/runner/work/bluetooth_mgr/bluetooth_mgr/cfg/missing'\'' automake-1.16'
AUTO_CONNECT_ENABLED_FALSE=''
AUTO_CONNECT_ENABLED_TRUE=''
AWK='gawk'
BRCM_BUILD_FLAG=''
BREAKPAD_CFLAGS=''
BREAKPAD_LFLAGS=''
BTRCORE_LIBS=''
BTR_MGR_SRC=''
BTR_MGR_TEST=''
CC='gcc'
CCDEPMODE='depmode=gcc3'
CFLAGS='-g -O2'
CPP=''
CPPFLAGS=''
CSCOPE='cscope'
CTAGS='ctags'
CXX='g++'
CXXCPP='g++ -E'
CXXDEPMODE='depmode=gcc3'
CXXFLAGS='-g -O2'
CYGPATH_W='echo'
DEFS=''
DEPDIR='.deps'
DLLTOOL='false'
DSYMUTIL=''
DUMPBIN=''
ECHO_C=''
ECHO_N='-n'
ECHO_T=''
EGREP='/usr/bin/grep -E'
ETAGS='etags'
EXEEXT=''
FGREP='/usr/bin/grep -F'
FILECMD='file'
GLIB_CFLAGS=''
GLIB_LIBS=''
GREP='/usr/bin/grep'
GSTBASE_CFLAGS=''
GSTBASE_LIBS=''
GST_CFLAGS=''
GST_LIBS=''
GST_MAJORMINOR=''
GTHREAD_CFLAGS=''
GTHREAD_LIBS=''
INSTALL_DATA='${INSTALL} -m 644'
INSTALL_PROGRAM='${INSTALL}'
INSTALL_SCRIPT='${INSTALL}'
INSTALL_STRIP_PROGRAM='$(install_sh) -c -s'
IS_SAFEC_ENABLED_FALSE=''
IS_SAFEC_ENABLED_TRUE=''
LD='/usr/bin/ld -m elf_x86_64'
LDFLAGS=''
LE_ONLY_FALSE=''
LE_ONLY_TRUE=''
LIBCJSON_CFLAGS=''
LIBCJSON_LIBS=''
LIBOBJS=''
LIBS=''
LIBTOOL='$(SHELL) $(top_builddir)/libtool'
LIPO=''
LN_S='ln -s'
LTLIBOBJS=''
LT_SYS_LIBRARY_PATH=''
MAKEINFO='${SHELL} '\''/home/runner/work/bluetooth_mgr/bluetooth_mgr/cfg/missing'\'' makeinfo'
MANIFEST_TOOL=':'
MKDIR_P='/usr/bin/mkdir -p'
NM='/usr/bin/nm -B'
NMEDIT=''
OBJDUMP='objdump'
OBJEXT='o'
OTOOL64=''
OTOOL=''
PACKAGE='btr-mgr'
PACKAGE_BUGREPORT='damiano.barone@sky.uk'
PACKAGE_NAME='btr-mgr'
PACKAGE_STRING='btr-mgr 1.0'
PACKAGE_TARNAME='btr-mgr'
PACKAGE_URL=''
PACKAGE_VERSION='1.0'
PATH_SEPARATOR=':'
PI_BUILD_FLAG=''
PKG_CONFIG=''
PKG_CONFIG_LIBDIR=''
PKG_CONFIG_PATH=''
RANLIB='ranlib'
RDKLOGGER_LIBS=''
SAFEC_CFLAGS=''
SAFEC_LFLAGS=''
SED='/usr/bin/sed'
SET_MAKE=''
SHELL='/bin/bash'
STREAM_IN_SUPPORTED_FALSE=''
STREAM_IN_SUPPORTED_TRUE=''
STRIP='strip'
SYSTEMD_SDNOTIFY_CFLAGS=''
SYSTEMD_SDNOTIFY_LDFLAGS=''
USE_ACM_FALSE=''
USE_ACM_TRUE=''
USE_GSTREAMER1_FALSE=''
USE_GSTREAMER1_TRUE=''
USE_RMF_AC_FALSE=''
USE_RMF_AC_TRUE=''
USE_RPC_IARM_FALSE=''
USE_RPC_IARM_TRUE=''
USE_RPC_RBUS_FALSE=''
USE_RPC_RBUS_TRUE=''
USE_SYS_DIAG_FALSE=''
USE_SYS_DIAG_TRUE=''
VERSION='1.0'
WITH_BRCM_BUILD_FALSE=''
WITH_BRCM_BUILD_TRUE=''
WITH_PI_BUILD_FALSE=''
WITH_PI_BUILD_TRUE=''
ac_ct_AR='ar'
ac_ct_CC='gcc'
ac_ct_CXX='g++'
ac_ct_DUMPBIN=''
am__EXEEXT_FALSE=''
am__EXEEXT_TRUE=''
am__fastdepCC_FALSE='#'
am__fastdepCC_TRUE=''
am__fastdepCXX_FALSE='#'
am__fastdepCXX_TRUE=''
am__include='include'
am__isrc=''
am__leading_dot='.'
am__nodep='_no'
am__quote=''
am__tar='$${TAR-tar} chof - "$$tardir"'
am__untar='$${TAR-tar} xf -'
bindir='${exec_prefix}/bin'
build='x86_64-pc-linux-gnu'
build_alias=''
build_cpu='x86_64'
build_os='linux-gnu'
build_vendor='pc'
datadir='${datarootdir}'
datarootdir='${prefix}/share'
docdir='${datarootdir}/doc/${PACKAGE_TARNAME}'
dvidir='${docdir}'
exec_prefix='NONE'
host='x86_64-pc-linux-gnu'
host_alias=''
host_cpu='x86_64'
host_os='linux-gnu'
host_vendor='pc'
htmldir='${docdir}'
includedir='${prefix}/include'
infodir='${datarootdir}/info'
install_sh='${SHELL} /home/runner/work/bluetooth_mgr/bluetooth_mgr/cfg/install-sh'
libdir='${exec_prefix}/lib'
libexecdir='${exec_prefix}/libexec'
localedir='${datarootdir}/locale'
localstatedir='${prefix}/var'
mandir='${datarootdir}/man'
mkdir_p='$(MKDIR_P)'
oldincludedir='/usr/include'
pdfdir='${docdir}'
plugindir=''
prefix='/usr'
program_transform_name='s,x,x,'
psdir='${docdir}'
runstatedir='${localstatedir}/run'
sbindir='${exec_prefix}/sbin'
sharedstatedir='${prefix}/com'
sysconfdir='${prefix}/etc'
target_alias=''

## ----------- ##
## confdefs.h. ##
## ----------- ##

/* confdefs.h */
#define PACKAGE_NAME "btr-mgr"
#define PACKAGE_TARNAME "btr-mgr"
#define PACKAGE_VERSION "1.0"
#define PACKAGE_STRING "btr-mgr 1.0"
#define PACKAGE_BUGREPORT "damiano.barone@sky.uk"
#define PACKAGE_URL ""
#define PACKAGE "btr-mgr"
#define VERSION "1.0"
#define HAVE_STDIO_H 1
#define HAVE_STDLIB_H 1
#define HAVE_STRING_H 1
#define HAVE_INTTYPES_H 1
#define HAVE_STDINT_H 1
#define HAVE_STRINGS_H 1
#define HAVE_SYS_STAT_H 1
#define HAVE_SYS_TYPES_H 1
#define HAVE_UNISTD_H 1
#define STDC_HEADERS 1
#define HAVE_DLFCN_H 1
#define LT_OBJDIR ".libs/"

configure: exit 1
